<?xml version="1.0" encoding="UTF-8"?>
<testng-results ignored="0" total="9" passed="9" failed="0" skipped="0">
  <reporter-output>
  </reporter-output>
  <suite started-at="2023-01-17T08:52:16 IST" name="Suite" finished-at="2023-01-17T08:53:38 IST" duration-ms="82125">
    <groups>
    </groups>
    <test started-at="2023-01-17T08:52:16 IST" name="Test1" finished-at="2023-01-17T08:53:12 IST" duration-ms="55898">
      <class name="testng.Paralleldemo">
        <test-method signature="demo(java.lang.String)[pri:0, instance:testng.Paralleldemo@229c6181]" started-at="2023-01-17T08:52:16 IST" name="demo" finished-at="2023-01-17T08:52:46 IST" duration-ms="29794" status="PASS">
          <params>
            <param index="0">
              <value>
                <![CDATA[chrome]]>
              </value>
            </param>
          </params>
          <reporter-output>
          </reporter-output>
        </test-method> <!-- demo -->
        <test-method signature="test1()[pri:0, instance:testng.Paralleldemo@229c6181]" started-at="2023-01-17T08:52:46 IST" name="test1" finished-at="2023-01-17T08:52:57 IST" duration-ms="10891" status="PASS">
          <reporter-output>
          </reporter-output>
        </test-method> <!-- test1 -->
        <test-method signature="test2()[pri:0, instance:testng.Paralleldemo@229c6181]" started-at="2023-01-17T08:52:57 IST" name="test2" finished-at="2023-01-17T08:53:12 IST" duration-ms="15137" status="PASS">
          <reporter-output>
          </reporter-output>
        </test-method> <!-- test2 -->
      </class> <!-- testng.Paralleldemo -->
    </test> <!-- Test1 -->
    <test started-at="2023-01-17T08:52:16 IST" name="Test3" finished-at="2023-01-17T08:53:16 IST" duration-ms="59776">
      <class name="testng.Paralleldemo">
        <test-method signature="demo(java.lang.String)[pri:0, instance:testng.Paralleldemo@72035809]" started-at="2023-01-17T08:52:16 IST" name="demo" finished-at="2023-01-17T08:52:46 IST" duration-ms="29794" status="PASS">
          <params>
            <param index="0">
              <value>
                <![CDATA[chrome]]>
              </value>
            </param>
          </params>
          <reporter-output>
          </reporter-output>
        </test-method> <!-- demo -->
        <test-method signature="test1()[pri:0, instance:testng.Paralleldemo@72035809]" started-at="2023-01-17T08:52:46 IST" name="test1" finished-at="2023-01-17T08:52:57 IST" duration-ms="11497" status="PASS">
          <reporter-output>
          </reporter-output>
        </test-method> <!-- test1 -->
        <test-method signature="test2()[pri:0, instance:testng.Paralleldemo@72035809]" started-at="2023-01-17T08:52:57 IST" name="test2" finished-at="2023-01-17T08:53:16 IST" duration-ms="18403" status="PASS">
          <reporter-output>
          </reporter-output>
        </test-method> <!-- test2 -->
      </class> <!-- testng.Paralleldemo -->
    </test> <!-- Test3 -->
    <test started-at="2023-01-17T08:52:16 IST" name="Test2" finished-at="2023-01-17T08:53:38 IST" duration-ms="82125">
      <class name="testng.Paralleldemo">
        <test-method signature="demo(java.lang.String)[pri:0, instance:testng.Paralleldemo@35dab4eb]" started-at="2023-01-17T08:52:16 IST" name="demo" finished-at="2023-01-17T08:53:23 IST" duration-ms="67284" status="PASS">
          <params>
            <param index="0">
              <value>
                <![CDATA[firefox]]>
              </value>
            </param>
          </params>
          <reporter-output>
          </reporter-output>
        </test-method> <!-- demo -->
        <test-method signature="test1()[pri:0, instance:testng.Paralleldemo@35dab4eb]" started-at="2023-01-17T08:53:23 IST" name="test1" finished-at="2023-01-17T08:53:29 IST" duration-ms="5275" status="PASS">
          <reporter-output>
          </reporter-output>
        </test-method> <!-- test1 -->
        <test-method signature="test2()[pri:0, instance:testng.Paralleldemo@35dab4eb]" started-at="2023-01-17T08:53:29 IST" name="test2" finished-at="2023-01-17T08:53:38 IST" duration-ms="9507" status="PASS">
          <reporter-output>
          </reporter-output>
        </test-method> <!-- test2 -->
      </class> <!-- testng.Paralleldemo -->
    </test> <!-- Test2 -->
  </suite> <!-- Suite -->
</testng-results>
