<?xml version="1.0" encoding="UTF-8"?>
<testng-results ignored="0" total="1" passed="1" failed="0" skipped="0">
  <reporter-output>
  </reporter-output>
  <suite started-at="2023-01-01T20:09:33 IST" name="Default suite" finished-at="2023-01-01T20:10:02 IST" duration-ms="28586">
    <groups>
    </groups>
    <test started-at="2023-01-01T20:09:33 IST" name="Default test" finished-at="2023-01-01T20:10:02 IST" duration-ms="28586">
      <class name="practice.ClickAndHoldAndRelease">
        <test-method signature="clickAndHold()[pri:0, instance:practice.ClickAndHoldAndRelease@4a883b15]" started-at="2023-01-01T20:09:33 IST" name="clickAndHold" finished-at="2023-01-01T20:10:02 IST" duration-ms="28478" status="PASS">
          <reporter-output>
          </reporter-output>
        </test-method> <!-- clickAndHold -->
      </class> <!-- practice.ClickAndHoldAndRelease -->
    </test> <!-- Default test -->
  </suite> <!-- Default suite -->
</testng-results>
